0 info it worked if it ends with ok
1 verbose cli [ 'C:\\Program Files\\nodejs\\node.exe',
1 verbose cli   'C:\\Program Files\\nodejs\\node_modules\\npm\\bin\\npm-cli.js',
1 verbose cli   'run',
1 verbose cli   'sass' ]
2 info using npm@3.10.10
3 info using node@v6.10.0
4 verbose run-script [ 'presass', 'sass', 'postsass' ]
5 info lifecycle modern_portofolio@1.0.0~presass: modern_portofolio@1.0.0
6 silly lifecycle modern_portofolio@1.0.0~presass: no script for presass, continuing
7 info lifecycle modern_portofolio@1.0.0~sass: modern_portofolio@1.0.0
8 verbose lifecycle modern_portofolio@1.0.0~sass: unsafe-perm in lifecycle true
9 verbose lifecycle modern_portofolio@1.0.0~sass: PATH: C:\Users\MihaiAlbert\AppData\Roaming\nvm\v6.10.0\node_modules\npm\bin\node-gyp-bin;C:\Personal\modern_portofolio\node_modules\.bin;C:\Program Files\MongoDB\Server\4.0\bin;C:\Program Files (x86)\Common Files\Oracle\Java\javapath;C:\ProgramData\Oracle\Java\javapath;C:\Windows\system32;C:\Windows;C:\Windows\System32\Wbem;C:\Windows\System32\WindowsPowerShell\v1.0\;C:\Program Files (x86)\NVIDIA Corporation\PhysX\Common;C:\Program Files\Git\cmd;C:\Program Files\dotnet\;C:\WINDOWS\system32;C:\WINDOWS;C:\WINDOWS\System32\Wbem;C:\WINDOWS\System32\WindowsPowerShell\v1.0\;C:\WINDOWS\System32\OpenSSH\;C:\Program Files\Microsoft VS Code\bin;%NVM_HOME%;%NVM_SYMLINK%;C:\Users\MihaiAlbert\AppData\Local\Microsoft\WindowsApps;C:\Program Files\Microsoft VS Code\bin;C:\Users\MihaiAlbert\AppData\Local\Microsoft\WindowsApps;C:\Users\MihaiAlbert\AppData\Local\GitHubDesktop\bin;C:\Users\MihaiAlbert\AppData\Local\Programs\Microsoft VS Code\bin;C:\Users\MihaiAlbert\AppData\Roaming\npm;C:\Users\MihaiAlbert\AppData\Roaming\nvm;C:\Program Files\nodejs
10 verbose lifecycle modern_portofolio@1.0.0~sass: CWD: C:\Personal\modern_portofolio
11 silly lifecycle modern_portofolio@1.0.0~sass: Args: [ '/d /s /c', 'node-sass -w scss/ -o dist/css/ --recursive' ]
12 silly lifecycle modern_portofolio@1.0.0~sass: Returned: code: 1  signal: null
13 info lifecycle modern_portofolio@1.0.0~sass: Failed to exec sass script
14 verbose stack Error: modern_portofolio@1.0.0 sass: `node-sass -w scss/ -o dist/css/ --recursive`
14 verbose stack Exit status 1
14 verbose stack     at EventEmitter.<anonymous> (C:\Users\MihaiAlbert\AppData\Roaming\nvm\v6.10.0\node_modules\npm\lib\utils\lifecycle.js:255:16)
14 verbose stack     at emitTwo (events.js:106:13)
14 verbose stack     at EventEmitter.emit (events.js:191:7)
14 verbose stack     at ChildProcess.<anonymous> (C:\Users\MihaiAlbert\AppData\Roaming\nvm\v6.10.0\node_modules\npm\lib\utils\spawn.js:40:14)
14 verbose stack     at emitTwo (events.js:106:13)
14 verbose stack     at ChildProcess.emit (events.js:191:7)
14 verbose stack     at maybeClose (internal/child_process.js:877:16)
14 verbose stack     at Process.ChildProcess._handle.onexit (internal/child_process.js:226:5)
15 verbose pkgid modern_portofolio@1.0.0
16 verbose cwd C:\Personal\modern_portofolio
17 error Windows_NT 10.0.17134
18 error argv "C:\\Program Files\\nodejs\\node.exe" "C:\\Program Files\\nodejs\\node_modules\\npm\\bin\\npm-cli.js" "run" "sass"
19 error node v6.10.0
20 error npm  v3.10.10
21 error code ELIFECYCLE
22 error modern_portofolio@1.0.0 sass: `node-sass -w scss/ -o dist/css/ --recursive`
22 error Exit status 1
23 error Failed at the modern_portofolio@1.0.0 sass script 'node-sass -w scss/ -o dist/css/ --recursive'.
23 error Make sure you have the latest version of node.js and npm installed.
23 error If you do, this is most likely a problem with the modern_portofolio package,
23 error not with npm itself.
23 error Tell the author that this fails on your system:
23 error     node-sass -w scss/ -o dist/css/ --recursive
23 error You can get information on how to open an issue for this project with:
23 error     npm bugs modern_portofolio
23 error Or if that isn't available, you can get their info via:
23 error     npm owner ls modern_portofolio
23 error There is likely additional logging output above.
24 verbose exit [ 1, true ]
